<?xml version="1.0" encoding="UTF-8"?>
<testng-results skipped="0" failed="0" total="4" passed="4">
  <reporter-output>
  </reporter-output>
  <suite name="Default suite" duration-ms="25579" started-at="2018-08-09T07:22:02Z" finished-at="2018-08-09T07:22:27Z">
    <groups>
    </groups>
    <test name="Default test" duration-ms="25579" started-at="2018-08-09T07:22:02Z" finished-at="2018-08-09T07:22:27Z">
      <class name="pers.szw.ljdtest.testcase.TestLaunchBrowser">
        <test-method status="PASS" signature="setUp()[pri:0, instance:pers.szw.ljdtest.testcase.TestLaunchBrowser@16a51ab]" name="setUp" is-config="true" duration-ms="11729" started-at="2018-08-09T15:22:02Z" finished-at="2018-08-09T15:22:13Z">
          <reporter-output>
          </reporter-output>
        </test-method> <!-- setUp -->
        <test-method status="PASS" signature="clickNews(java.lang.String, java.lang.String)[pri:0, instance:pers.szw.ljdtest.testcase.TestLaunchBrowser@16a51ab]" name="clickNews" duration-ms="397" started-at="2018-08-09T15:22:14Z" data-provider="TestDat1" finished-at="2018-08-09T15:22:15Z">
          <params>
            <param index="0">
              <value>
                <![CDATA[123213]]>
              </value>
            </param>
            <param index="1">
              <value>
                <![CDATA[12312312]]>
              </value>
            </param>
          </params>
          <reporter-output>
          </reporter-output>
        </test-method> <!-- clickNews -->
        <test-method status="PASS" signature="clickNews(java.lang.String, java.lang.String)[pri:0, instance:pers.szw.ljdtest.testcase.TestLaunchBrowser@16a51ab]" name="clickNews" duration-ms="230" started-at="2018-08-09T15:22:15Z" data-provider="TestDat1" finished-at="2018-08-09T15:22:15Z">
          <params>
            <param index="0">
              <value>
                <![CDATA[12312]]>
              </value>
            </param>
            <param index="1">
              <value>
                <![CDATA[12312312]]>
              </value>
            </param>
          </params>
          <reporter-output>
          </reporter-output>
        </test-method> <!-- clickNews -->
        <test-method status="PASS" signature="clickNews(java.lang.String, java.lang.String)[pri:0, instance:pers.szw.ljdtest.testcase.TestLaunchBrowser@16a51ab]" name="clickNews" duration-ms="226" started-at="2018-08-09T15:22:15Z" data-provider="TestDat1" finished-at="2018-08-09T15:22:15Z">
          <params>
            <param index="0">
              <value>
                <![CDATA[123123]]>
              </value>
            </param>
            <param index="1">
              <value>
                <![CDATA[2321312]]>
              </value>
            </param>
          </params>
          <reporter-output>
          </reporter-output>
        </test-method> <!-- clickNews -->
        <test-method status="PASS" signature="clickNews(java.lang.String, java.lang.String)[pri:0, instance:pers.szw.ljdtest.testcase.TestLaunchBrowser@16a51ab]" name="clickNews" duration-ms="222" started-at="2018-08-09T15:22:15Z" data-provider="TestDat1" finished-at="2018-08-09T15:22:15Z">
          <params>
            <param index="0">
              <value>
                <![CDATA[12312312]]>
              </value>
            </param>
            <param index="1">
              <value>
                <![CDATA[12312312]]>
              </value>
            </param>
          </params>
          <reporter-output>
          </reporter-output>
        </test-method> <!-- clickNews -->
        <test-method status="FAIL" signature="tearDown()[pri:0, instance:pers.szw.ljdtest.testcase.TestLaunchBrowser@16a51ab]" name="tearDown" is-config="true" duration-ms="0" started-at="2018-08-09T15:22:15Z" finished-at="2018-08-09T15:22:15Z">
          <exception class="org.openqa.selenium.WebDriverException">
            <message>
              <![CDATA[chrome not reachable
  (Session info: chrome=68.0.3440.106)
  (Driver info: chromedriver=2.37.544315 (730aa6a5fdba159ac9f4c1e8cbc59bf1b5ce12b7),platform=Windows NT 10.0.16299 x86_64) (WARNING: The server did not provide any stacktrace information)
Command duration or timeout: 0 milliseconds
Build info: version: '3.5.0', revision: '8def36e068', time: '2017-08-10T23:01:06.401Z'
System info: host: 'DESKTOP-CAEQG93', ip: '192.168.30.217', os.name: 'Windows 10', os.arch: 'x86', os.version: '10.0', java.version: '1.8.0_111'
Driver info: org.openqa.selenium.chrome.ChromeDriver
Capabilities [{mobileEmulationEnabled=false, hasTouchScreen=false, platform=XP, acceptSslCerts=false, acceptInsecureCerts=false, webStorageEnabled=true, browserName=chrome, takesScreenshot=true, javascriptEnabled=true, setWindowRect=true, unexpectedAlertBehaviour=, applicationCacheEnabled=false, rotatable=false, networkConnectionEnabled=false, chrome={chromedriverVersion=2.37.544315 (730aa6a5fdba159ac9f4c1e8cbc59bf1b5ce12b7), userDataDir=C:\Users\Shanzw\AppData\Local\Temp\scoped_dir8344_13847}, takesHeapSnapshot=true, pageLoadStrategy=normal, unhandledPromptBehavior=, databaseEnabled=false, handlesAlerts=true, version=68.0.3440.106, browserConnectionEnabled=false, nativeEvents=true, locationContextEnabled=true, cssSelectorsEnabled=true}]
Session ID: b7a7cf033012802ac4ab101c2eb1aaa5]]>
            </message>
            <full-stacktrace>
              <![CDATA[org.openqa.selenium.WebDriverException: chrome not reachable
  (Session info: chrome=68.0.3440.106)
  (Driver info: chromedriver=2.37.544315 (730aa6a5fdba159ac9f4c1e8cbc59bf1b5ce12b7),platform=Windows NT 10.0.16299 x86_64) (WARNING: The server did not provide any stacktrace information)
Command duration or timeout: 0 milliseconds
Build info: version: '3.5.0', revision: '8def36e068', time: '2017-08-10T23:01:06.401Z'
System info: host: 'DESKTOP-CAEQG93', ip: '192.168.30.217', os.name: 'Windows 10', os.arch: 'x86', os.version: '10.0', java.version: '1.8.0_111'
Driver info: org.openqa.selenium.chrome.ChromeDriver
Capabilities [{mobileEmulationEnabled=false, hasTouchScreen=false, platform=XP, acceptSslCerts=false, acceptInsecureCerts=false, webStorageEnabled=true, browserName=chrome, takesScreenshot=true, javascriptEnabled=true, setWindowRect=true, unexpectedAlertBehaviour=, applicationCacheEnabled=false, rotatable=false, networkConnectionEnabled=false, chrome={chromedriverVersion=2.37.544315 (730aa6a5fdba159ac9f4c1e8cbc59bf1b5ce12b7), userDataDir=C:\Users\Shanzw\AppData\Local\Temp\scoped_dir8344_13847}, takesHeapSnapshot=true, pageLoadStrategy=normal, unhandledPromptBehavior=, databaseEnabled=false, handlesAlerts=true, version=68.0.3440.106, browserConnectionEnabled=false, nativeEvents=true, locationContextEnabled=true, cssSelectorsEnabled=true}]
Session ID: b7a7cf033012802ac4ab101c2eb1aaa5
	at sun.reflect.NativeConstructorAccessorImpl.newInstance0(Native Method)
	at sun.reflect.NativeConstructorAccessorImpl.newInstance(Unknown Source)
	at sun.reflect.DelegatingConstructorAccessorImpl.newInstance(Unknown Source)
	at java.lang.reflect.Constructor.newInstance(Unknown Source)
	at org.openqa.selenium.remote.ErrorHandler.createThrowable(ErrorHandler.java:215)
	at org.openqa.selenium.remote.ErrorHandler.throwIfResponseFailed(ErrorHandler.java:167)
	at org.openqa.selenium.remote.http.JsonHttpResponseCodec.reconstructValue(JsonHttpResponseCodec.java:40)
	at org.openqa.selenium.remote.http.AbstractHttpResponseCodec.decode(AbstractHttpResponseCodec.java:82)
	at org.openqa.selenium.remote.http.AbstractHttpResponseCodec.decode(AbstractHttpResponseCodec.java:45)
	at org.openqa.selenium.remote.HttpCommandExecutor.execute(HttpCommandExecutor.java:164)
	at org.openqa.selenium.remote.service.DriverCommandExecutor.execute(DriverCommandExecutor.java:82)
	at org.openqa.selenium.remote.RemoteWebDriver.execute(RemoteWebDriver.java:641)
	at org.openqa.selenium.remote.RemoteWebDriver.execute(RemoteWebDriver.java:698)
	at org.openqa.selenium.remote.RemoteWebDriver.close(RemoteWebDriver.java:527)
	at pers.szw.ljdtest.testcase.TestLaunchBrowser.tearDown(TestLaunchBrowser.java:44)
	at sun.reflect.NativeMethodAccessorImpl.invoke0(Native Method)
	at sun.reflect.NativeMethodAccessorImpl.invoke(Unknown Source)
	at sun.reflect.DelegatingMethodAccessorImpl.invoke(Unknown Source)
	at java.lang.reflect.Method.invoke(Unknown Source)
	at org.testng.internal.MethodInvocationHelper.invokeMethod(MethodInvocationHelper.java:85)
	at org.testng.internal.Invoker.invokeConfigurationMethod(Invoker.java:510)
	at org.testng.internal.Invoker.invokeConfigurations(Invoker.java:211)
	at org.testng.internal.Invoker.invokeConfigurations(Invoker.java:138)
	at org.testng.internal.TestMethodWorker.invokeAfterClassMethods(TestMethodWorker.java:220)
	at org.testng.internal.TestMethodWorker.run(TestMethodWorker.java:111)
	at org.testng.TestRunner.privateRun(TestRunner.java:774)
	at org.testng.TestRunner.run(TestRunner.java:624)
	at org.testng.SuiteRunner.runTest(SuiteRunner.java:359)
	at org.testng.SuiteRunner.runSequentially(SuiteRunner.java:354)
	at org.testng.SuiteRunner.privateRun(SuiteRunner.java:312)
	at org.testng.SuiteRunner.run(SuiteRunner.java:261)
	at org.testng.SuiteRunnerWorker.runSuite(SuiteRunnerWorker.java:52)
	at org.testng.SuiteRunnerWorker.run(SuiteRunnerWorker.java:86)
	at org.testng.TestNG.runSuitesSequentially(TestNG.java:1215)
	at org.testng.TestNG.runSuitesLocally(TestNG.java:1140)
	at org.testng.TestNG.run(TestNG.java:1048)
	at org.testng.remote.AbstractRemoteTestNG.run(AbstractRemoteTestNG.java:126)
	at org.testng.remote.RemoteTestNG.initAndRun(RemoteTestNG.java:152)
	at org.testng.remote.RemoteTestNG.main(RemoteTestNG.java:57)
]]>
            </full-stacktrace>
          </exception> <!-- org.openqa.selenium.WebDriverException -->
          <reporter-output>
          </reporter-output>
        </test-method> <!-- tearDown -->
      </class> <!-- pers.szw.ljdtest.testcase.TestLaunchBrowser -->
    </test> <!-- Default test -->
  </suite> <!-- Default suite -->
</testng-results>
